# JRE version: OpenJDK Runtime Environment (8.0_112-b06) (build 1.8.0_112-release-b06)
# Java VM: OpenJDK 64-Bit Server VM (25.112-b06 mixed mode linux-amd64 compressed oops)
Heap:
 PSYoungGen      total 172032K, used 0K [0x00000000e0000000, 0x00000000eb880000, 0x0000000100000000)
  eden space 156160K, 0% used [0x00000000e0000000,0x00000000e0000000,0x00000000e9880000)
  from space 15872K, 0% used [0x00000000ea900000,0x00000000ea900000,0x00000000eb880000)
  to   space 16384K, 0% used [0x00000000e9880000,0x00000000e9880000,0x00000000ea880000)
 ParOldGen       total 63488K, used 45811K [0x00000000a0000000, 0x00000000a3e00000, 0x00000000e0000000)
  object space 63488K, 72% used [0x00000000a0000000,0x00000000a2cbced8,0x00000000a3e00000)
 Metaspace       used 56838K, capacity 59108K, committed 59160K, reserved 1099776K
  class space    used 7762K, capacity 8277K, committed 8320K, reserved 1048576K
GC Heap History (10 events):
Event: 20,760 GC heap after
Heap after GC invocations=12 (full 2):
 PSYoungGen      total 99840K, used 7115K [0x00000000e0000000, 0x00000000e7100000, 0x0000000100000000)
  eden space 92672K, 0% used [0x00000000e0000000,0x00000000e0000000,0x00000000e5a80000)
  from space 7168K, 99% used [0x00000000e6a00000,0x00000000e70f2e40,0x00000000e7100000)
  to   space 11264K, 0% used [0x00000000e5b00000,0x00000000e5b00000,0x00000000e6600000)
 ParOldGen       total 63488K, used 15848K [0x00000000a0000000, 0x00000000a3e00000, 0x00000000e0000000)
  object space 63488K, 24% used [0x00000000a0000000,0x00000000a0f7a0a8,0x00000000a3e00000)
 Metaspace       used 39992K, capacity 40752K, committed 41088K, reserved 1085440K
  class space    used 5269K, capacity 5458K, committed 5504K, reserved 1048576K
}
Event: 24,726 GC heap before
{Heap before GC invocations=13 (full 2):
 PSYoungGen      total 99840K, used 99787K [0x00000000e0000000, 0x00000000e7100000, 0x0000000100000000)
  eden space 92672K, 100% used [0x00000000e0000000,0x00000000e5a80000,0x00000000e5a80000)
  from space 7168K, 99% used [0x00000000e6a00000,0x00000000e70f2e40,0x00000000e7100000)
  to   space 11264K, 0% used [0x00000000e5b00000,0x00000000e5b00000,0x00000000e6600000)
 ParOldGen       total 63488K, used 15848K [0x00000000a0000000, 0x00000000a3e00000, 0x00000000e0000000)
  object space 63488K, 24% used [0x00000000a0000000,0x00000000a0f7a0a8,0x00000000a3e00000)
 Metaspace       used 45673K, capacity 46634K, committed 46848K, reserved 1089536K
  class space    used 6058K, capacity 6296K, committed 6400K, reserved 1048576K
Event: 24,746 GC heap after
Heap after GC invocations=13 (full 2):
 PSYoungGen      total 104448K, used 8478K [0x00000000e0000000, 0x00000000e8e00000, 0x0000000100000000)
  eden space 93184K, 0% used [0x00000000e0000000,0x00000000e0000000,0x00000000e5b00000)
  from space 11264K, 75% used [0x00000000e5b00000,0x00000000e63478d0,0x00000000e6600000)
  to   space 11776K, 0% used [0x00000000e8280000,0x00000000e8280000,0x00000000e8e00000)
 ParOldGen       total 63488K, used 18849K [0x00000000a0000000, 0x00000000a3e00000, 0x00000000e0000000)
  object space 63488K, 29% used [0x00000000a0000000,0x00000000a1268460,0x00000000a3e00000)
 Metaspace       used 45673K, capacity 46634K, committed 46848K, reserved 1089536K
  class space    used 6058K, capacity 6296K, committed 6400K, reserved 1048576K
}
Event: 30,423 GC heap before
{Heap before GC invocations=14 (full 2):
 PSYoungGen      total 104448K, used 101662K [0x00000000e0000000, 0x00000000e8e00000, 0x0000000100000000)
  eden space 93184K, 100% used [0x00000000e0000000,0x00000000e5b00000,0x00000000e5b00000)
  from space 11264K, 75% used [0x00000000e5b00000,0x00000000e63478d0,0x00000000e6600000)
  to   space 11776K, 0% used [0x00000000e8280000,0x00000000e8280000,0x00000000e8e00000)
 ParOldGen       total 63488K, used 18849K [0x00000000a0000000, 0x00000000a3e00000, 0x00000000e0000000)
  object space 63488K, 29% used [0x00000000a0000000,0x00000000a1268460,0x00000000a3e00000)
 Metaspace       used 50403K, capacity 52018K, committed 52224K, reserved 1093632K
  class space    used 6763K, capacity 7115K, committed 7168K, reserved 1048576K
Event: 30,449 GC heap after
Heap after GC invocations=14 (full 2):
 PSYoungGen      total 132608K, used 9661K [0x00000000e0000000, 0x00000000e8e00000, 0x0000000100000000)
  eden space 120832K, 0% used [0x00000000e0000000,0x00000000e0000000,0x00000000e7600000)
  from space 11776K, 82% used [0x00000000e8280000,0x00000000e8bef618,0x00000000e8e00000)
  to   space 12288K, 0% used [0x00000000e7600000,0x00000000e7600000,0x00000000e8200000)
 ParOldGen       total 63488K, used 23857K [0x00000000a0000000, 0x00000000a3e00000, 0x00000000e0000000)
  object space 63488K, 37% used [0x00000000a0000000,0x00000000a174c480,0x00000000a3e00000)
 Metaspace       used 50403K, capacity 52018K, committed 52224K, reserved 1093632K
  class space    used 6763K, capacity 7115K, committed 7168K, reserved 1048576K
}
Event: 35,611 GC heap before
{Heap before GC invocations=15 (full 2):
 PSYoungGen      total 132608K, used 130493K [0x00000000e0000000, 0x00000000e8e00000, 0x0000000100000000)
  eden space 120832K, 100% used [0x00000000e0000000,0x00000000e7600000,0x00000000e7600000)
  from space 11776K, 82% used [0x00000000e8280000,0x00000000e8bef618,0x00000000e8e00000)
  to   space 12288K, 0% used [0x00000000e7600000,0x00000000e7600000,0x00000000e8200000)
 ParOldGen       total 63488K, used 23857K [0x00000000a0000000, 0x00000000a3e00000, 0x00000000e0000000)
  object space 63488K, 37% used [0x00000000a0000000,0x00000000a174c480,0x00000000a3e00000)
 Metaspace       used 55107K, capacity 56986K, committed 57216K, reserved 1097728K
  class space    used 7521K, capacity 7956K, committed 8064K, reserved 1048576K
Event: 35,648 GC heap after
Heap after GC invocations=15 (full 2):
 PSYoungGen      total 133120K, used 12256K [0x00000000e0000000, 0x00000000eb980000, 0x0000000100000000)
  eden space 120832K, 0% used [0x00000000e0000000,0x00000000e0000000,0x00000000e7600000)
  from space 12288K, 99% used [0x00000000e7600000,0x00000000e81f8010,0x00000000e8200000)
  to   space 16896K, 0% used [0x00000000ea900000,0x00000000ea900000,0x00000000eb980000)
 ParOldGen       total 63488K, used 32637K [0x00000000a0000000, 0x00000000a3e00000, 0x00000000e0000000)
  object space 63488K, 51% used [0x00000000a0000000,0x00000000a1fdf5c0,0x00000000a3e00000)
 Metaspace       used 55107K, capacity 56986K, committed 57216K, reserved 1097728K
  class space    used 7521K, capacity 7956K, committed 8064K, reserved 1048576K
}
Event: 39,922 GC heap before
{Heap before GC invocations=16 (full 2):
 PSYoungGen      total 133120K, used 56075K [0x00000000e0000000, 0x00000000eb980000, 0x0000000100000000)
  eden space 120832K, 36% used [0x00000000e0000000,0x00000000e2acac60,0x00000000e7600000)
  from space 12288K, 99% used [0x00000000e7600000,0x00000000e81f8010,0x00000000e8200000)
  to   space 16896K, 0% used [0x00000000ea900000,0x00000000ea900000,0x00000000eb980000)
 ParOldGen       total 63488K, used 32637K [0x00000000a0000000, 0x00000000a3e00000, 0x00000000e0000000)
  object space 63488K, 51% used [0x00000000a0000000,0x00000000a1fdf5c0,0x00000000a3e00000)
 Metaspace       used 56838K, capacity 59108K, committed 59160K, reserved 1099776K
  class space    used 7762K, capacity 8277K, committed 8320K, reserved 1048576K
Event: 39,954 GC heap after
Heap after GC invocations=16 (full 2):
 PSYoungGen      total 172032K, used 5899K [0x00000000e0000000, 0x00000000eb880000, 0x0000000100000000)
  eden space 156160K, 0% used [0x00000000e0000000,0x00000000e0000000,0x00000000e9880000)
  from space 15872K, 37% used [0x00000000ea900000,0x00000000eaec2c98,0x00000000eb880000)
  to   space 16384K, 0% used [0x00000000e9880000,0x00000000e9880000,0x00000000ea880000)
 ParOldGen       total 63488K, used 44819K [0x00000000a0000000, 0x00000000a3e00000, 0x00000000e0000000)
  object space 63488K, 70% used [0x00000000a0000000,0x00000000a2bc4e10,0x00000000a3e00000)
 Metaspace       used 56838K, capacity 59108K, committed 59160K, reserved 1099776K
  class space    used 7762K, capacity 8277K, committed 8320K, reserved 1048576K
}
Event: 39,954 GC heap before
{Heap before GC invocations=17 (full 3):
 PSYoungGen      total 172032K, used 5899K [0x00000000e0000000, 0x00000000eb880000, 0x0000000100000000)
  eden space 156160K, 0% used [0x00000000e0000000,0x00000000e0000000,0x00000000e9880000)
  from space 15872K, 37% used [0x00000000ea900000,0x00000000eaec2c98,0x00000000eb880000)
  to   space 16384K, 0% used [0x00000000e9880000,0x00000000e9880000,0x00000000ea880000)
 ParOldGen       total 63488K, used 44819K [0x00000000a0000000, 0x00000000a3e00000, 0x00000000e0000000)
  object space 63488K, 70% used [0x00000000a0000000,0x00000000a2bc4e10,0x00000000a3e00000)
 Metaspace       used 56838K, capacity 59108K, committed 59160K, reserved 1099776K
  class space    used 7762K, capacity 8277K, committed 8320K, reserved 1048576K

